<?xml version="1.0" encoding="UTF-8"?>
<!-- Generated by org.testng.reporters.JUnitReportReporter -->
<testsuite skipped="0" hostname="DESKTOP-U01S286" name="com.TestNG.groups_Concept" tests="4" failures="0" timestamp="2022-02-19T19:12:36 IST" time="0.023" errors="0">
  <testcase name="gulab" time="0.004" classname="com.TestNG.groups_Concept"/>
  <system-out/>
  <testcase name="apple" time="0.016" classname="com.TestNG.groups_Concept"/>
  <system-out/>
  <testcase name="laddu" time="0.001" classname="com.TestNG.groups_Concept"/>
  <system-out/>
  <testcase name="mango" time="0.002" classname="com.TestNG.groups_Concept"/>
  <system-out/>
</testsuite> <!-- com.TestNG.groups_Concept -->
