<?xml version="1.0" encoding="UTF-8"?>
<!-- Generated by org.testng.reporters.JUnitReportReporter -->
<testsuite skipped="0" hostname="DESKTOP-U01S286" name="com.TestNG.Expected_Exception" tests="1" failures="0" timestamp="2022-02-19T20:02:01 IST" time="0.008" errors="0">
  <testcase name="nullecept" time="0.008" classname="com.TestNG.Expected_Exception"/>
  <system-out/>
</testsuite> <!-- com.TestNG.Expected_Exception -->
