<?xml version="1.0" encoding="UTF-8"?>
<!-- Generated by org.testng.reporters.JUnitReportReporter -->
<testsuite skipped="0" hostname="DESKTOP-U01S286" name="com.TestNG.Assert_Concept" tests="2" failures="0" timestamp="2022-02-23T21:53:07 IST" time="27.162" errors="0">
  <testcase name="hardAssert" time="18.256" classname="com.TestNG.Assert_Concept"/>
  <system-out/>
  <testcase name="softAssertConcept" time="8.906" classname="com.TestNG.Assert_Concept"/>
  <system-out/>
</testsuite> <!-- com.TestNG.Assert_Concept -->
