<?xml version="1.0" encoding="UTF-8"?>
<!-- Generated by org.testng.reporters.JUnitReportReporter -->
<testsuite skipped="0" hostname="DESKTOP-U01S286" name="com.TestNG.Parallel_Concept" tests="2" failures="0" timestamp="2022-02-22T20:05:29 IST" time="19.703" errors="0">
  <testcase name="facebook" time="12.014" classname="com.TestNG.Parallel_Concept"/>
  <system-out/>
  <testcase name="google" time="7.689" classname="com.TestNG.Parallel_Concept"/>
  <system-out/>
</testsuite> <!-- com.TestNG.Parallel_Concept -->
