<?xml version="1.0" encoding="UTF-8"?>
<!-- Generated by org.testng.reporters.JUnitReportReporter -->
<testsuite skipped="0" hostname="DESKTOP-U01S286" name="com.TestNG.Dependency_Concept" tests="3" failures="0" timestamp="2022-02-22T11:53:37 IST" time="0.015" errors="0">
  <testcase name="divide" time="0.015" classname="com.TestNG.Dependency_Concept"/>
  <system-out/>
  <testcase name="add" time="0.000" classname="com.TestNG.Dependency_Concept"/>
  <system-out/>
  <testcase name="sub" time="0.000" classname="com.TestNG.Dependency_Concept"/>
  <system-out/>
</testsuite> <!-- com.TestNG.Dependency_Concept -->
