<?xml version="1.0" encoding="UTF-8"?>
<!-- Generated by org.testng.reporters.JUnitReportReporter -->
<testsuite skipped="1" hostname="DESKTOP-U01S286" name="com.TestNG.Ignore_concept" tests="4" failures="0" timestamp="2022-02-19T19:18:16 IST" time="0.020" errors="0">
  <testcase name="apple" time="0.015" classname="com.TestNG.Ignore_concept"/>
  <system-out/>
  <testcase name="gulab" time="0.002" classname="com.TestNG.Ignore_concept"/>
  <system-out/>
  <testcase name="saree" time="0.003" classname="com.TestNG.Ignore_concept"/>
  <system-out/>
  <testcase name="mango" classname="com.TestNG.Ignore_concept">
    <skipped/>
  </testcase> <!-- mango -->
  <system-out/>
</testsuite> <!-- com.TestNG.Ignore_concept -->
