<?xml version="1.0" encoding="UTF-8"?>
<!-- Generated by org.testng.reporters.JUnitReportReporter -->
<testsuite skipped="0" hostname="DESKTOP-U01S286" name="com.TestNG.Dataprovider_Concept" tests="3" failures="0" timestamp="2022-02-22T20:14:53 IST" time="0.013" errors="0">
  <testcase name="studentdet" time="0.008" classname="com.TestNG.Dataprovider_Concept"/>
  <system-out/>
  <testcase name="studentdet" time="0.002" classname="com.TestNG.Dataprovider_Concept"/>
  <system-out/>
  <testcase name="studentdet" time="0.003" classname="com.TestNG.Dataprovider_Concept"/>
  <system-out/>
</testsuite> <!-- com.TestNG.Dataprovider_Concept -->
