<?xml version="1.0" encoding="UTF-8"?>
<!-- Generated by org.testng.reporters.JUnitReportReporter -->
<testsuite skipped="0" hostname="DESKTOP-U01S286" name="com.TestNG.Priority_InnovationCount_Concept" tests="6" failures="0" timestamp="2022-02-18T15:11:19 IST" time="0.031" errors="0">
  <testcase name="login" time="0.010" classname="com.TestNG.Priority_InnovationCount_Concept"/>
  <system-out/>
  <testcase name="contiueSearch" time="0.003" classname="com.TestNG.Priority_InnovationCount_Concept"/>
  <system-out/>
  <testcase name="saerchHotel" time="0.002" classname="com.TestNG.Priority_InnovationCount_Concept"/>
  <system-out/>
  <testcase name="bookNow" time="0.004" classname="com.TestNG.Priority_InnovationCount_Concept"/>
  <system-out/>
  <testcase name="saerchHotel" time="0.002" classname="com.TestNG.Priority_InnovationCount_Concept"/>
  <system-out/>
  <testcase name="saerchHotel" time="0.010" classname="com.TestNG.Priority_InnovationCount_Concept"/>
  <system-out/>
</testsuite> <!-- com.TestNG.Priority_InnovationCount_Concept -->
