<?xml version="1.0" encoding="UTF-8"?>
<!-- Generated by org.testng.reporters.JUnitReportReporter -->
<testsuite skipped="0" hostname="DESKTOP-U01S286" name="com.TestNG.simpleAnnotation" tests="1" failures="0" timestamp="2022-02-22T12:40:57 IST" time="0.000" errors="0">
  <testcase name="bookNow" time="0.000" classname="com.TestNG.simpleAnnotation"/>
  <system-out/>
</testsuite> <!-- com.TestNG.simpleAnnotation -->
